<?xml version="1.0" encoding="UTF-8"?>
<testsuite name="co.com.sofka.runner.login.LoginRunner" tests="0" skipped="0" failures="0" errors="0" timestamp="1970-01-01T00:00:00" hostname="DESKTOP-M1Q9UOG" time="0.0">
  <properties/>
  <system-out><![CDATA[
?[31mFailed scenarios:?[0m
?[31mfile:///D:/WorkSpace-SofkaU/Automatizacion/ClassGate-Reto%20Final/src/test/resources/feature/login/login.feature:19?[0m# Inicio de sesion maestro

2 Scenarios (?[31m1 failed?[0m, ?[32m1 passed?[0m)
6 Steps (?[31m1 failed?[0m, ?[36m2 skipped?[0m, ?[32m3 passed?[0m)
0m40,265s


org.openqa.selenium.ElementClickInterceptedException: element click intercepted: Element <svg stroke="currentColor" fill="currentColor" stroke-width="0" viewBox="0 0 24 24" id="btn-cerrar-sesion" class="button-icon" height="1em" width="1em" xmlns="http://www.w3.org/2000/svg">...</svg> is not clickable at point (866, 50). Other element would receive the click: <div class="loading-page">...</div>
  (Session info: chrome=101.0.4951.41)
Build info: version: '3.141.59', revision: 'e82be7d358', time: '2018-11-14T08:17:03'
System info: host: 'DESKTOP-M1Q9UOG', ip: '192.168.0.2', os.name: 'Windows 10', os.arch: 'amd64', os.version: '10.0', java.version: '1.8.0_291'
Driver info: org.openqa.selenium.chrome.ChromeDriver
Capabilities {acceptInsecureCerts: false, browserName: chrome, browserVersion: 101.0.4951.41, chrome: {chromedriverVersion: 101.0.4951.41 (93c720db8323..., userDataDir: C:\Users\user\AppData\Local...}, goog:chromeOptions: {debuggerAddress: localhost:59279}, javascriptEnabled: true, networkConnectionEnabled: false, pageLoadStrategy: normal, platform: WINDOWS, platformName: WINDOWS, proxy: Proxy(), setWindowRect: true, strictFileInteractability: false, timeouts: {implicit: 0, pageLoad: 300000, script: 30000}, unhandledPromptBehavior: dismiss and notify, webauthn:extension:credBlob: true, webauthn:extension:largeBlob: true, webauthn:virtualAuthenticators: true}
Session ID: 41d67c341935c3b5e566a9f6d07686d5
	at sun.reflect.NativeConstructorAccessorImpl.newInstance0(Native Method)
	at sun.reflect.NativeConstructorAccessorImpl.newInstance(NativeConstructorAccessorImpl.java:62)
	at sun.reflect.DelegatingConstructorAccessorImpl.newInstance(DelegatingConstructorAccessorImpl.java:45)
	at java.lang.reflect.Constructor.newInstance(Constructor.java:423)
	at org.openqa.selenium.remote.http.W3CHttpResponseCodec.createException(W3CHttpResponseCodec.java:187)
	at org.openqa.selenium.remote.http.W3CHttpResponseCodec.decode(W3CHttpResponseCodec.java:122)
	at org.openqa.selenium.remote.http.W3CHttpResponseCodec.decode(W3CHttpResponseCodec.java:49)
	at org.openqa.selenium.remote.HttpCommandExecutor.execute(HttpCommandExecutor.java:158)
	at org.openqa.selenium.remote.service.DriverCommandExecutor.execute(DriverCommandExecutor.java:83)
	at org.openqa.selenium.remote.RemoteWebDriver.execute(RemoteWebDriver.java:552)
	at org.openqa.selenium.remote.RemoteWebElement.execute(RemoteWebElement.java:285)
	at org.openqa.selenium.remote.RemoteWebElement.click(RemoteWebElement.java:84)
	at net.serenitybdd.core.pages.WebElementFacadeImpl.click(WebElementFacadeImpl.java:1230)
	at net.serenitybdd.screenplay.actions.ClickOnTarget.performAs(ClickOnTarget.java:13)
	at net.serenitybdd.screenplay.actions.ClickOnTarget$ByteBuddy$Z6ZFEHE3.performAs$accessor$xF46Du39(Unknown Source)
	at sun.reflect.NativeMethodAccessorImpl.invoke0(Native Method)
	at sun.reflect.NativeMethodAccessorImpl.invoke(NativeMethodAccessorImpl.java:62)
	at sun.reflect.DelegatingMethodAccessorImpl.invoke(DelegatingMethodAccessorImpl.java:43)
	at java.lang.reflect.Method.invoke(Method.java:498)
	at net.thucydides.core.steps.StepInterceptor.invokeMethod(StepInterceptor.java:488)
	at net.thucydides.core.steps.StepInterceptor.executeTestStepMethod(StepInterceptor.java:468)
	at net.thucydides.core.steps.StepInterceptor.runTestStep(StepInterceptor.java:441)
	at net.thucydides.core.steps.StepInterceptor.runOrSkipMethod(StepInterceptor.java:197)
	at net.thucydides.core.steps.StepInterceptor.testStepResult(StepInterceptor.java:184)
	at net.thucydides.core.steps.StepInterceptor.intercept(StepInterceptor.java:77)
	at net.thucydides.core.steps.ProxyConfiguration$InterceptorDispatcher.intercept(ProxyConfiguration.java:51)
	at net.serenitybdd.screenplay.actions.ClickOnTarget$ByteBuddy$Z6ZFEHE3.performAs(Unknown Source)
	at net.serenitybdd.screenplay.Actor.performTask(Actor.java:248)
	at net.serenitybdd.screenplay.Actor.perform(Actor.java:229)
	at net.serenitybdd.screenplay.Actor.attemptsTo(Actor.java:175)
	at co.com.sofka.task.registromaestro.FillRegistroMaestro.performAs(FillRegistroMaestro.java:36)
	at co.com.sofka.task.registromaestro.FillRegistroMaestro$ByteBuddy$rjCUua30.performAs$accessor$hIN47iDf(Unknown Source)
	at sun.reflect.NativeMethodAccessorImpl.invoke0(Native Method)
	at sun.reflect.NativeMethodAccessorImpl.invoke(NativeMethodAccessorImpl.java:62)
	at sun.reflect.DelegatingMethodAccessorImpl.invoke(DelegatingMethodAccessorImpl.java:43)
	at java.lang.reflect.Method.invoke(Method.java:498)
	at net.thucydides.core.steps.StepInterceptor.invokeMethod(StepInterceptor.java:488)
	at net.thucydides.core.steps.StepInterceptor.executeTestStepMethod(StepInterceptor.java:468)
	at net.thucydides.core.steps.StepInterceptor.runTestStep(StepInterceptor.java:441)
	at net.thucydides.core.steps.StepInterceptor.runOrSkipMethod(StepInterceptor.java:197)
	at net.thucydides.core.steps.StepInterceptor.testStepResult(StepInterceptor.java:184)
	at net.thucydides.core.steps.StepInterceptor.intercept(StepInterceptor.java:77)
	at net.thucydides.core.steps.ProxyConfiguration$InterceptorDispatcher.intercept(ProxyConfiguration.java:51)
	at co.com.sofka.task.registromaestro.FillRegistroMaestro$ByteBuddy$rjCUua30.performAs(Unknown Source)
	at net.serenitybdd.screenplay.Actor.performTask(Actor.java:248)
	at net.serenitybdd.screenplay.Actor.perform(Actor.java:229)
	at net.serenitybdd.screenplay.Actor.attemptsTo(Actor.java:175)
	at net.serenitybdd.screenplay.Actor.wasAbleTo(Actor.java:162)
	at co.com.sofka.stepdefinition.login.LoginStepDefinition.queElMaestroSeRegistroYSeEncuentraEnElInicioDeSesion(LoginStepDefinition.java:53)
	at ?.que el maestro se registro y se encuentra en el inicio de sesion(file:///D:/WorkSpace-SofkaU/Automatizacion/ClassGate-Reto%20Final/src/test/resources/feature/login/login.feature:20)


]]></system-out>
  <system-err><![CDATA[SLF4J: Failed to load class "org.slf4j.impl.StaticLoggerBinder".
SLF4J: Defaulting to no-operation (NOP) logger implementation
SLF4J: See http://www.slf4j.org/codes.html#StaticLoggerBinder for further details.
log4j:WARN No appenders could be found for logger (freemarker.cache).
log4j:WARN Please initialize the log4j system properly.
log4j:WARN No appenders could be found for logger (freemarker.cache).
log4j:WARN Please initialize the log4j system properly.
log4j:WARN See http://logging.apache.org/log4j/1.2/faq.html#noconfig for more info.
log4j:WARN See http://logging.apache.org/log4j/1.2/faq.html#noconfig for more info.
]]></system-err>
</testsuite>
