<?xml version="1.0" encoding="UTF-8"?>
<testsuite name="Dado que soy Acudiente" tests="1" skipped="0" failures="0" errors="0" timestamp="2022-04-29T17:12:08" hostname="juan-Forward-Unto-Dawn" time="49.073">
  <properties/>
  <testcase name="Inscripcion de estudiantes" classname="Dado que soy Acudiente" time="49.073"/>
  <system-out><![CDATA[]]></system-out>
  <system-err><![CDATA[abr. 29, 2022 12:12:10 P. M. org.openqa.selenium.remote.DesiredCapabilities chrome
INFO: Using `new ChromeOptions()` is preferred to `DesiredCapabilities.chrome()`
Starting ChromeDriver 101.0.4951.41 (93c720db8323b3ec10d056025ab95c23a31997c9-refs/branch-heads/4951@{#904}) on port 1527
Only local connections are allowed.
Please see https://chromedriver.chromium.org/security-considerations for suggestions on keeping ChromeDriver safe.
ChromeDriver was started successfully.
abr. 29, 2022 12:12:11 P. M. org.openqa.selenium.remote.ProtocolHandshake createSession
INFO: Detected dialect: W3C
]]></system-err>
</testsuite>
