<?xml version="1.0" encoding="UTF-8"?>
<testsuite name="Iniciar sesion" tests="1" skipped="0" failures="0" errors="0" timestamp="2022-04-28T23:17:45" hostname="juan-Forward-Unto-Dawn" time="8.776">
  <properties/>
  <testcase name="Inicio de sesion" classname="Iniciar sesion" time="8.776"/>
  <system-out><![CDATA[Step argument class io.cucumber.core.gherkin.vintage.GherkinVintageDataTableArgument
]]></system-out>
  <system-err><![CDATA[abr. 28, 2022 6:17:45 P. M. org.openqa.selenium.remote.DesiredCapabilities chrome
INFO: Using `new ChromeOptions()` is preferred to `DesiredCapabilities.chrome()`
Starting ChromeDriver 101.0.4951.41 (93c720db8323b3ec10d056025ab95c23a31997c9-refs/branch-heads/4951@{#904}) on port 19548
Only local connections are allowed.
Please see https://chromedriver.chromium.org/security-considerations for suggestions on keeping ChromeDriver safe.
ChromeDriver was started successfully.
abr. 28, 2022 6:17:45 P. M. org.openqa.selenium.remote.ProtocolHandshake createSession
INFO: Detected dialect: W3C
]]></system-err>
</testsuite>
