<?xml version="1.0" encoding="UTF-8"?>
<testsuite name="Visualizar Landing" tests="1" skipped="0" failures="0" errors="0" timestamp="2022-04-29T08:22:24" hostname="DESKTOP-90O2SEU" time="9.49">
  <properties/>
  <testcase name="Visualizar landing" classname="Visualizar Landing" time="9.49"/>
  <system-out><![CDATA[]]></system-out>
  <system-err><![CDATA[abr 29, 2022 3:22:25 A. M. org.openqa.selenium.remote.DesiredCapabilities chrome
INFORMACIÓN: Using `new ChromeOptions()` is preferred to `DesiredCapabilities.chrome()`
Starting ChromeDriver 101.0.4951.41 (93c720db8323b3ec10d056025ab95c23a31997c9-refs/branch-heads/4951@{#904}) on port 14652
Only local connections are allowed.
Please see https://chromedriver.chromium.org/security-considerations for suggestions on keeping ChromeDriver safe.
ChromeDriver was started successfully.
abr 29, 2022 3:22:28 A. M. org.openqa.selenium.remote.ProtocolHandshake createSession
INFORMACIÓN: Detected dialect: W3C
]]></system-err>
</testsuite>
